0 info it worked if it ends with ok
1 verbose cli [ 'C:\\Program Files\\nodejs\\node.exe',
1 verbose cli   'C:\\Program Files\\nodejs\\node_modules\\npm\\bin\\npm-cli.js',
1 verbose cli   'run',
1 verbose cli   'watch' ]
2 info using npm@3.10.10
3 info using node@v6.11.1
4 verbose run-script [ 'prewatch', 'watch', 'postwatch' ]
5 info lifecycle y@1.0.0~prewatch: y@1.0.0
6 silly lifecycle y@1.0.0~prewatch: no script for prewatch, continuing
7 info lifecycle y@1.0.0~watch: y@1.0.0
8 verbose lifecycle y@1.0.0~watch: unsafe-perm in lifecycle true
9 verbose lifecycle y@1.0.0~watch: PATH: C:\Program Files\nodejs\node_modules\npm\bin\node-gyp-bin;C:\Users\ABC\Downloads\Cakey-master\node_modules\.bin;C:\Users\ABC\bin;C:\Program Files\Git\mingw32\bin;C:\Program Files\Git\usr\local\bin;C:\Program Files\Git\usr\bin;C:\Program Files\Git\usr\bin;C:\Program Files\Git\mingw32\bin;C:\Program Files\Git\usr\bin;C:\Users\ABC\bin;C:\Program Files\iis express\PHP\v5.5;C:\ProgramData\Oracle\Java\javapath;C:\Windows\system32;C:\Windows;C:\Windows\System32\Wbem;C:\Windows\System32\WindowsPowerShell\v1.0;C:\Users\ABC\.dnx\bin;C:\Program Files\Microsoft DNX\Dnvm;C:\Program Files\Skype\Phone;C:\Program Files\nodejs;C:\Program Files\Git\cmd;C:\Program Files\GtkSharp\2.12\bin;C:\Users\ABC\AppData\Roaming\npm;C:\Program Files\Microsoft VS Code\bin;C:\Program Files\Git\usr\bin\vendor_perl;C:\Program Files\Git\usr\bin\core_perl
10 verbose lifecycle y@1.0.0~watch: CWD: C:\Users\ABC\Downloads\Cakey-master
11 silly lifecycle y@1.0.0~watch: Args: [ '/d /s /c', 'gulp watch' ]
12 silly lifecycle y@1.0.0~watch: Returned: code: 1  signal: null
13 info lifecycle y@1.0.0~watch: Failed to exec watch script
14 verbose stack Error: y@1.0.0 watch: `gulp watch`
14 verbose stack Exit status 1
14 verbose stack     at EventEmitter.<anonymous> (C:\Program Files\nodejs\node_modules\npm\lib\utils\lifecycle.js:255:16)
14 verbose stack     at emitTwo (events.js:106:13)
14 verbose stack     at EventEmitter.emit (events.js:191:7)
14 verbose stack     at ChildProcess.<anonymous> (C:\Program Files\nodejs\node_modules\npm\lib\utils\spawn.js:40:14)
14 verbose stack     at emitTwo (events.js:106:13)
14 verbose stack     at ChildProcess.emit (events.js:191:7)
14 verbose stack     at maybeClose (internal/child_process.js:891:16)
14 verbose stack     at Process.ChildProcess._handle.onexit (internal/child_process.js:226:5)
15 verbose pkgid y@1.0.0
16 verbose cwd C:\Users\ABC\Downloads\Cakey-master
17 error Windows_NT 6.1.7601
18 error argv "C:\\Program Files\\nodejs\\node.exe" "C:\\Program Files\\nodejs\\node_modules\\npm\\bin\\npm-cli.js" "run" "watch"
19 error node v6.11.1
20 error npm  v3.10.10
21 error code ELIFECYCLE
22 error y@1.0.0 watch: `gulp watch`
22 error Exit status 1
23 error Failed at the y@1.0.0 watch script 'gulp watch'.
23 error Make sure you have the latest version of node.js and npm installed.
23 error If you do, this is most likely a problem with the y package,
23 error not with npm itself.
23 error Tell the author that this fails on your system:
23 error     gulp watch
23 error You can get information on how to open an issue for this project with:
23 error     npm bugs y
23 error Or if that isn't available, you can get their info via:
23 error     npm owner ls y
23 error There is likely additional logging output above.
24 verbose exit [ 1, true ]
